2026-03-14T14:52:31.833-04:00  INFO 29244 --- [aquasmart-backend] [main] com.aquasmart.AquaSmartApplication       : Starting AquaSmartApplication using Java 23.0.1 with PID 29244 (C:\Users\donga\.antigravity\test_water\backend-java\target\classes started by donga in C:\Users\donga\.antigravity\test_water\backend-java)
2026-03-14T14:52:31.835-04:00 DEBUG 29244 --- [aquasmart-backend] [main] com.aquasmart.AquaSmartApplication       : Running with Spring Boot v3.2.3, Spring v6.1.4
2026-03-14T14:52:31.836-04:00  INFO 29244 --- [aquasmart-backend] [main] com.aquasmart.AquaSmartApplication       : No active profile set, falling back to 1 default profile: "default"
2026-03-14T14:52:32.818-04:00  INFO 29244 --- [aquasmart-backend] [main] .s.d.r.c.RepositoryConfigurationDelegate : Bootstrapping Spring Data JPA repositories in DEFAULT mode.
2026-03-14T14:52:32.897-04:00  INFO 29244 --- [aquasmart-backend] [main] .s.d.r.c.RepositoryConfigurationDelegate : Finished Spring Data repository scanning in 68 ms. Found 3 JPA repository interfaces.
2026-03-14T14:52:33.624-04:00  INFO 29244 --- [aquasmart-backend] [main] o.s.b.w.embedded.tomcat.TomcatWebServer  : Tomcat initialized with port 8081 (http)
2026-03-14T14:52:33.647-04:00  INFO 29244 --- [aquasmart-backend] [main] o.apache.catalina.core.StandardService   : Starting service [Tomcat]
2026-03-14T14:52:33.648-04:00  INFO 29244 --- [aquasmart-backend] [main] o.apache.catalina.core.StandardEngine    : Starting Servlet engine: [Apache Tomcat/10.1.19]
2026-03-14T14:52:33.744-04:00  INFO 29244 --- [aquasmart-backend] [main] o.a.c.c.C.[Tomcat].[localhost].[/]       : Initializing Spring embedded WebApplicationContext
2026-03-14T14:52:33.745-04:00  INFO 29244 --- [aquasmart-backend] [main] w.s.c.ServletWebServerApplicationContext : Root WebApplicationContext: initialization completed in 1810 ms
2026-03-14T14:52:33.808-04:00 DEBUG 29244 --- [aquasmart-backend] [main] com.aquasmart.config.JwtFilter           : Filter 'jwtFilter' configured for use
2026-03-14T14:52:33.939-04:00  INFO 29244 --- [aquasmart-backend] [main] o.hibernate.jpa.internal.util.LogHelper  : HHH000204: Processing PersistenceUnitInfo [name: default]
2026-03-14T14:52:34.045-04:00  INFO 29244 --- [aquasmart-backend] [main] org.hibernate.Version                    : HHH000412: Hibernate ORM core version 6.4.4.Final
2026-03-14T14:52:34.094-04:00  INFO 29244 --- [aquasmart-backend] [main] o.h.c.internal.RegionFactoryInitiator    : HHH000026: Second-level cache disabled
2026-03-14T14:52:34.384-04:00  INFO 29244 --- [aquasmart-backend] [main] o.s.o.j.p.SpringPersistenceUnitInfo      : No LoadTimeWeaver setup: ignoring JPA class transformer
2026-03-14T14:52:34.421-04:00  INFO 29244 --- [aquasmart-backend] [main] com.zaxxer.hikari.HikariDataSource       : HikariPool-1 - Starting...
2026-03-14T14:52:34.603-04:00  INFO 29244 --- [aquasmart-backend] [main] com.zaxxer.hikari.pool.HikariPool        : HikariPool-1 - Added connection org.postgresql.jdbc.PgConnection@505f45cc
2026-03-14T14:52:34.605-04:00  INFO 29244 --- [aquasmart-backend] [main] com.zaxxer.hikari.HikariDataSource       : HikariPool-1 - Start completed.
2026-03-14T14:52:34.663-04:00  WARN 29244 --- [aquasmart-backend] [main] org.hibernate.orm.deprecation            : HHH90000025: PostgreSQLDialect does not need to be specified explicitly using 'hibernate.dialect' (remove the property setting and it will be selected by default)
2026-03-14T14:52:35.651-04:00  INFO 29244 --- [aquasmart-backend] [main] o.h.e.t.j.p.i.JtaPlatformInitiator       : HHH000489: No JTA platform available (set 'hibernate.transaction.jta.platform' to enable JTA platform integration)
2026-03-14T14:52:35.769-04:00  WARN 29244 --- [aquasmart-backend] [main] o.h.engine.jdbc.spi.SqlExceptionHelper   : SQL Warning Code: 0, SQLState: 00000
2026-03-14T14:52:35.770-04:00  WARN 29244 --- [aquasmart-backend] [main] o.h.engine.jdbc.spi.SqlExceptionHelper   : constraint "uk_3vsxi0r1ede2fsah87gk6rcg3" of relation "user_accounts" does not exist, skipping
2026-03-14T14:52:35.781-04:00  WARN 29244 --- [aquasmart-backend] [main] o.h.engine.jdbc.spi.SqlExceptionHelper   : SQL Warning Code: 0, SQLState: 00000
2026-03-14T14:52:35.782-04:00  WARN 29244 --- [aquasmart-backend] [main] o.h.engine.jdbc.spi.SqlExceptionHelper   : constraint "uk_6jl2ojdbeq8i75ouaqq7ks31" of relation "users" does not exist, skipping
2026-03-14T14:52:35.794-04:00  WARN 29244 --- [aquasmart-backend] [main] o.h.engine.jdbc.spi.SqlExceptionHelper   : SQL Warning Code: 0, SQLState: 00000
2026-03-14T14:52:35.794-04:00  WARN 29244 --- [aquasmart-backend] [main] o.h.engine.jdbc.spi.SqlExceptionHelper   : constraint "uk_6dotkott2kjsp8vw4d0m25fb7" of relation "users" does not exist, skipping
2026-03-14T14:52:35.803-04:00  INFO 29244 --- [aquasmart-backend] [main] j.LocalContainerEntityManagerFactoryBean : Initialized JPA EntityManagerFactory for persistence unit 'default'
2026-03-14T14:52:36.375-04:00  WARN 29244 --- [aquasmart-backend] [main] JpaBaseConfiguration$JpaWebConfiguration : spring.jpa.open-in-view is enabled by default. Therefore, database queries may be performed during view rendering. Explicitly configure spring.jpa.open-in-view to disable this warning
2026-03-14T14:52:36.392-04:00  WARN 29244 --- [aquasmart-backend] [main] .s.s.UserDetailsServiceAutoConfiguration : 

Using generated security password: aead3ba2-18ef-41c1-8b72-0ef85d85268c

This generated password is for development use only. Your security configuration must be updated before running your application in production.

2026-03-14T14:52:36.553-04:00 DEBUG 29244 --- [aquasmart-backend] [main] s.w.s.m.m.a.RequestMappingHandlerMapping : 17 mappings in 'requestMappingHandlerMapping'
2026-03-14T14:52:36.586-04:00 DEBUG 29244 --- [aquasmart-backend] [main] o.s.w.s.handler.SimpleUrlHandlerMapping  : Patterns [/webjars/**, /**] in 'resourceHandlerMapping'
2026-03-14T14:52:36.620-04:00  INFO 29244 --- [aquasmart-backend] [main] o.s.s.web.DefaultSecurityFilterChain     : Will secure any request with [org.springframework.security.web.session.DisableEncodeUrlFilter@629dfb5a, org.springframework.security.web.context.request.async.WebAsyncManagerIntegrationFilter@2c955487, org.springframework.security.web.context.SecurityContextHolderFilter@580e01cd, org.springframework.security.web.header.HeaderWriterFilter@57063e08, org.springframework.web.filter.CorsFilter@38ae69f7, org.springframework.security.web.authentication.logout.LogoutFilter@62a6a47e, com.aquasmart.config.JwtFilter@20999517, org.springframework.security.web.savedrequest.RequestCacheAwareFilter@233d2b76, org.springframework.security.web.servletapi.SecurityContextHolderAwareRequestFilter@2370c90, org.springframework.security.web.authentication.AnonymousAuthenticationFilter@be9bf2e, org.springframework.security.web.session.SessionManagementFilter@4bd1b07d, org.springframework.security.web.access.ExceptionTranslationFilter@7207f3c2, org.springframework.security.web.access.intercept.AuthorizationFilter@23adbd6b]
2026-03-14T14:52:36.690-04:00 DEBUG 29244 --- [aquasmart-backend] [main] s.w.s.m.m.a.RequestMappingHandlerAdapter : ControllerAdvice beans: 0 @ModelAttribute, 0 @InitBinder, 1 RequestBodyAdvice, 1 ResponseBodyAdvice
2026-03-14T14:52:36.724-04:00 DEBUG 29244 --- [aquasmart-backend] [main] .m.m.a.ExceptionHandlerExceptionResolver : ControllerAdvice beans: 1 @ExceptionHandler, 1 ResponseBodyAdvice
2026-03-14T14:52:36.930-04:00  INFO 29244 --- [aquasmart-backend] [main] o.s.b.w.embedded.tomcat.TomcatWebServer  : Tomcat started on port 8081 (http) with context path ''
2026-03-14T14:52:36.982-04:00  INFO 29244 --- [aquasmart-backend] [main] o.a.k.clients.consumer.ConsumerConfig    : ConsumerConfig values: 
	allow.auto.create.topics = true
	auto.commit.interval.ms = 5000
	auto.include.jmx.reporter = true
	auto.offset.reset = earliest
	bootstrap.servers = [localhost:9092]
	check.crcs = true
	client.dns.lookup = use_all_dns_ips
	client.id = consumer-aquasmart-group-1
	client.rack = 
	connections.max.idle.ms = 540000
	default.api.timeout.ms = 60000
	enable.auto.commit = false
	exclude.internal.topics = true
	fetch.max.bytes = 52428800
	fetch.max.wait.ms = 500
	fetch.min.bytes = 1
	group.id = aquasmart-group
	group.instance.id = null
	heartbeat.interval.ms = 3000
	interceptor.classes = []
	internal.leave.group.on.close = true
	internal.throw.on.fetch.stable.offset.unsupported = false
	isolation.level = read_uncommitted
	key.deserializer = class org.apache.kafka.common.serialization.StringDeserializer
	max.partition.fetch.bytes = 1048576
	max.poll.interval.ms = 300000
	max.poll.records = 500
	metadata.max.age.ms = 300000
	metric.reporters = []
	metrics.num.samples = 2
	metrics.recording.level = INFO
	metrics.sample.window.ms = 30000
	partition.assignment.strategy = [class org.apache.kafka.clients.consumer.RangeAssignor, class org.apache.kafka.clients.consumer.CooperativeStickyAssignor]
	receive.buffer.bytes = 65536
	reconnect.backoff.max.ms = 1000
	reconnect.backoff.ms = 50
	request.timeout.ms = 30000
	retry.backoff.ms = 100
	sasl.client.callback.handler.class = null
	sasl.jaas.config = null
	sasl.kerberos.kinit.cmd = /usr/bin/kinit
	sasl.kerberos.min.time.before.relogin = 60000
	sasl.kerberos.service.name = null
	sasl.kerberos.ticket.renew.jitter = 0.05
	sasl.kerberos.ticket.renew.window.factor = 0.8
	sasl.login.callback.handler.class = null
	sasl.login.class = null
	sasl.login.connect.timeout.ms = null
	sasl.login.read.timeout.ms = null
	sasl.login.refresh.buffer.seconds = 300
	sasl.login.refresh.min.period.seconds = 60
	sasl.login.refresh.window.factor = 0.8
	sasl.login.refresh.window.jitter = 0.05
	sasl.login.retry.backoff.max.ms = 10000
	sasl.login.retry.backoff.ms = 100
	sasl.mechanism = GSSAPI
	sasl.oauthbearer.clock.skew.seconds = 30
	sasl.oauthbearer.expected.audience = null
	sasl.oauthbearer.expected.issuer = null
	sasl.oauthbearer.jwks.endpoint.refresh.ms = 3600000
	sasl.oauthbearer.jwks.endpoint.retry.backoff.max.ms = 10000
	sasl.oauthbearer.jwks.endpoint.retry.backoff.ms = 100
	sasl.oauthbearer.jwks.endpoint.url = null
	sasl.oauthbearer.scope.claim.name = scope
	sasl.oauthbearer.sub.claim.name = sub
	sasl.oauthbearer.token.endpoint.url = null
	security.protocol = PLAINTEXT
	security.providers = null
	send.buffer.bytes = 131072
	session.timeout.ms = 45000
	socket.connection.setup.timeout.max.ms = 30000
	socket.connection.setup.timeout.ms = 10000
	ssl.cipher.suites = null
	ssl.enabled.protocols = [TLSv1.2, TLSv1.3]
	ssl.endpoint.identification.algorithm = https
	ssl.engine.factory.class = null
	ssl.key.password = null
	ssl.keymanager.algorithm = SunX509
	ssl.keystore.certificate.chain = null
	ssl.keystore.key = null
	ssl.keystore.location = null
	ssl.keystore.password = null
	ssl.keystore.type = JKS
	ssl.protocol = TLSv1.3
	ssl.provider = null
	ssl.secure.random.implementation = null
	ssl.trustmanager.algorithm = PKIX
	ssl.truststore.certificates = null
	ssl.truststore.location = null
	ssl.truststore.password = null
	ssl.truststore.type = JKS
	value.deserializer = class org.apache.kafka.common.serialization.StringDeserializer

2026-03-14T14:52:37.221-04:00  INFO 29244 --- [aquasmart-backend] [main] o.a.kafka.common.utils.AppInfoParser     : Kafka version: 3.6.1
2026-03-14T14:52:37.222-04:00  INFO 29244 --- [aquasmart-backend] [main] o.a.kafka.common.utils.AppInfoParser     : Kafka commitId: 5e3c2b738d253ff5
2026-03-14T14:52:37.222-04:00  INFO 29244 --- [aquasmart-backend] [main] o.a.kafka.common.utils.AppInfoParser     : Kafka startTimeMs: 1773514357219
2026-03-14T14:52:37.227-04:00  INFO 29244 --- [aquasmart-backend] [main] fkaConsumerFactory$ExtendedKafkaConsumer : [Consumer clientId=consumer-aquasmart-group-1, groupId=aquasmart-group] Subscribed to topic(s): water-sensor-data
2026-03-14T14:52:37.244-04:00  INFO 29244 --- [aquasmart-backend] [main] com.aquasmart.AquaSmartApplication       : Started AquaSmartApplication in 6.14 seconds (process running for 6.704)
2026-03-14T14:52:37.761-04:00  WARN 29244 --- [aquasmart-backend] [org.springframework.kafka.KafkaListenerEndpointContainer#0-0-C-1] org.apache.kafka.clients.NetworkClient   : [Consumer clientId=consumer-aquasmart-group-1, groupId=aquasmart-group] Error while fetching metadata with correlation id 2 : {water-sensor-data=LEADER_NOT_AVAILABLE}
2026-03-14T14:52:37.763-04:00  INFO 29244 --- [aquasmart-backend] [org.springframework.kafka.KafkaListenerEndpointContainer#0-0-C-1] org.apache.kafka.clients.Metadata        : [Consumer clientId=consumer-aquasmart-group-1, groupId=aquasmart-group] Cluster ID: QcVqYqiiT1SCmAy2f4PMrA
2026-03-14T14:52:37.900-04:00  WARN 29244 --- [aquasmart-backend] [org.springframework.kafka.KafkaListenerEndpointContainer#0-0-C-1] org.apache.kafka.clients.NetworkClient   : [Consumer clientId=consumer-aquasmart-group-1, groupId=aquasmart-group] Error while fetching metadata with correlation id 4 : {water-sensor-data=LEADER_NOT_AVAILABLE}
2026-03-14T14:52:38.896-04:00  INFO 29244 --- [aquasmart-backend] [org.springframework.kafka.KafkaListenerEndpointContainer#0-0-C-1] o.a.k.c.c.internals.ConsumerCoordinator  : [Consumer clientId=consumer-aquasmart-group-1, groupId=aquasmart-group] Discovered group coordinator localhost:9092 (id: 2147483646 rack: null)
2026-03-14T14:52:38.899-04:00  INFO 29244 --- [aquasmart-backend] [org.springframework.kafka.KafkaListenerEndpointContainer#0-0-C-1] o.a.k.c.c.internals.ConsumerCoordinator  : [Consumer clientId=consumer-aquasmart-group-1, groupId=aquasmart-group] (Re-)joining group
2026-03-14T14:52:38.947-04:00  INFO 29244 --- [aquasmart-backend] [org.springframework.kafka.KafkaListenerEndpointContainer#0-0-C-1] o.a.k.c.c.internals.ConsumerCoordinator  : [Consumer clientId=consumer-aquasmart-group-1, groupId=aquasmart-group] Request joining group due to: need to re-join with the given member-id: consumer-aquasmart-group-1-e3766781-eb0f-44cd-b8b8-8d4c4622ba1f
2026-03-14T14:52:38.947-04:00  INFO 29244 --- [aquasmart-backend] [org.springframework.kafka.KafkaListenerEndpointContainer#0-0-C-1] o.a.k.c.c.internals.ConsumerCoordinator  : [Consumer clientId=consumer-aquasmart-group-1, groupId=aquasmart-group] Request joining group due to: rebalance failed due to 'The group member needs to have a valid member id before actually entering a consumer group.' (MemberIdRequiredException)
2026-03-14T14:52:38.947-04:00  INFO 29244 --- [aquasmart-backend] [org.springframework.kafka.KafkaListenerEndpointContainer#0-0-C-1] o.a.k.c.c.internals.ConsumerCoordinator  : [Consumer clientId=consumer-aquasmart-group-1, groupId=aquasmart-group] (Re-)joining group
2026-03-14T14:52:41.974-04:00  INFO 29244 --- [aquasmart-backend] [org.springframework.kafka.KafkaListenerEndpointContainer#0-0-C-1] o.a.k.c.c.internals.ConsumerCoordinator  : [Consumer clientId=consumer-aquasmart-group-1, groupId=aquasmart-group] Successfully joined group with generation Generation{generationId=1, memberId='consumer-aquasmart-group-1-e3766781-eb0f-44cd-b8b8-8d4c4622ba1f', protocol='range'}
2026-03-14T14:52:41.997-04:00  INFO 29244 --- [aquasmart-backend] [org.springframework.kafka.KafkaListenerEndpointContainer#0-0-C-1] o.a.k.c.c.internals.ConsumerCoordinator  : [Consumer clientId=consumer-aquasmart-group-1, groupId=aquasmart-group] Finished assignment for group at generation 1: {consumer-aquasmart-group-1-e3766781-eb0f-44cd-b8b8-8d4c4622ba1f=Assignment(partitions=[water-sensor-data-0])}
2026-03-14T14:52:42.080-04:00  INFO 29244 --- [aquasmart-backend] [org.springframework.kafka.KafkaListenerEndpointContainer#0-0-C-1] o.a.k.c.c.internals.ConsumerCoordinator  : [Consumer clientId=consumer-aquasmart-group-1, groupId=aquasmart-group] Successfully synced group in generation Generation{generationId=1, memberId='consumer-aquasmart-group-1-e3766781-eb0f-44cd-b8b8-8d4c4622ba1f', protocol='range'}
2026-03-14T14:52:42.082-04:00  INFO 29244 --- [aquasmart-backend] [org.springframework.kafka.KafkaListenerEndpointContainer#0-0-C-1] o.a.k.c.c.internals.ConsumerCoordinator  : [Consumer clientId=consumer-aquasmart-group-1, groupId=aquasmart-group] Notifying assignor about the new Assignment(partitions=[water-sensor-data-0])
2026-03-14T14:52:42.099-04:00  INFO 29244 --- [aquasmart-backend] [org.springframework.kafka.KafkaListenerEndpointContainer#0-0-C-1] o.a.k.c.c.internals.ConsumerCoordinator  : [Consumer clientId=consumer-aquasmart-group-1, groupId=aquasmart-group] Adding newly assigned partitions: water-sensor-data-0
2026-03-14T14:52:42.134-04:00  INFO 29244 --- [aquasmart-backend] [org.springframework.kafka.KafkaListenerEndpointContainer#0-0-C-1] o.a.k.c.c.internals.ConsumerCoordinator  : [Consumer clientId=consumer-aquasmart-group-1, groupId=aquasmart-group] Found no committed offset for partition water-sensor-data-0
2026-03-14T14:52:42.159-04:00  INFO 29244 --- [aquasmart-backend] [org.springframework.kafka.KafkaListenerEndpointContainer#0-0-C-1] o.a.k.c.c.internals.SubscriptionState    : [Consumer clientId=consumer-aquasmart-group-1, groupId=aquasmart-group] Resetting offset for partition water-sensor-data-0 to position FetchPosition{offset=0, offsetEpoch=Optional.empty, currentLeader=LeaderAndEpoch{leader=Optional[localhost:9092 (id: 1 rack: null)], epoch=0}}.
2026-03-14T14:52:42.161-04:00  INFO 29244 --- [aquasmart-backend] [org.springframework.kafka.KafkaListenerEndpointContainer#0-0-C-1] o.s.k.l.KafkaMessageListenerContainer    : aquasmart-group: partitions assigned: [water-sensor-data-0]
2026-03-14T14:54:58.867-04:00  INFO 29244 --- [aquasmart-backend] [org.springframework.kafka.KafkaListenerEndpointContainer#0-0-C-1] o.a.k.c.c.internals.ConsumerCoordinator  : [Consumer clientId=consumer-aquasmart-group-1, groupId=aquasmart-group] Revoke previously assigned partitions water-sensor-data-0
2026-03-14T14:54:58.868-04:00  INFO 29244 --- [aquasmart-backend] [org.springframework.kafka.KafkaListenerEndpointContainer#0-0-C-1] o.s.k.l.KafkaMessageListenerContainer    : aquasmart-group: partitions revoked: [water-sensor-data-0]
2026-03-14T14:54:58.868-04:00  INFO 29244 --- [aquasmart-backend] [org.springframework.kafka.KafkaListenerEndpointContainer#0-0-C-1] o.a.k.c.c.internals.ConsumerCoordinator  : [Consumer clientId=consumer-aquasmart-group-1, groupId=aquasmart-group] Member consumer-aquasmart-group-1-e3766781-eb0f-44cd-b8b8-8d4c4622ba1f sending LeaveGroup request to coordinator localhost:9092 (id: 2147483646 rack: null) due to the consumer unsubscribed from all topics
2026-03-14T14:54:58.869-04:00  INFO 29244 --- [aquasmart-backend] [org.springframework.kafka.KafkaListenerEndpointContainer#0-0-C-1] o.a.k.c.c.internals.ConsumerCoordinator  : [Consumer clientId=consumer-aquasmart-group-1, groupId=aquasmart-group] Resetting generation and member id due to: consumer pro-actively leaving the group
2026-03-14T14:54:58.869-04:00  INFO 29244 --- [aquasmart-backend] [org.springframework.kafka.KafkaListenerEndpointContainer#0-0-C-1] o.a.k.c.c.internals.ConsumerCoordinator  : [Consumer clientId=consumer-aquasmart-group-1, groupId=aquasmart-group] Request joining group due to: consumer pro-actively leaving the group
2026-03-14T14:54:58.871-04:00  INFO 29244 --- [aquasmart-backend] [org.springframework.kafka.KafkaListenerEndpointContainer#0-0-C-1] fkaConsumerFactory$ExtendedKafkaConsumer : [Consumer clientId=consumer-aquasmart-group-1, groupId=aquasmart-group] Unsubscribed all topics or patterns and assigned partitions
2026-03-14T14:54:58.872-04:00  INFO 29244 --- [aquasmart-backend] [org.springframework.kafka.KafkaListenerEndpointContainer#0-0-C-1] o.a.k.c.c.internals.ConsumerCoordinator  : [Consumer clientId=consumer-aquasmart-group-1, groupId=aquasmart-group] Resetting generation and member id due to: consumer pro-actively leaving the group
2026-03-14T14:54:58.872-04:00  INFO 29244 --- [aquasmart-backend] [org.springframework.kafka.KafkaListenerEndpointContainer#0-0-C-1] o.a.k.c.c.internals.ConsumerCoordinator  : [Consumer clientId=consumer-aquasmart-group-1, groupId=aquasmart-group] Request joining group due to: consumer pro-actively leaving the group
2026-03-14T14:54:59.092-04:00  INFO 29244 --- [aquasmart-backend] [org.springframework.kafka.KafkaListenerEndpointContainer#0-0-C-1] o.apache.kafka.common.metrics.Metrics    : Metrics scheduler closed
2026-03-14T14:54:59.093-04:00  INFO 29244 --- [aquasmart-backend] [org.springframework.kafka.KafkaListenerEndpointContainer#0-0-C-1] o.apache.kafka.common.metrics.Metrics    : Closing reporter org.apache.kafka.common.metrics.JmxReporter
2026-03-14T14:54:59.094-04:00  INFO 29244 --- [aquasmart-backend] [org.springframework.kafka.KafkaListenerEndpointContainer#0-0-C-1] o.apache.kafka.common.metrics.Metrics    : Metrics reporters closed
2026-03-14T14:54:59.099-04:00  INFO 29244 --- [aquasmart-backend] [org.springframework.kafka.KafkaListenerEndpointContainer#0-0-C-1] o.a.kafka.common.utils.AppInfoParser     : App info kafka.consumer for consumer-aquasmart-group-1 unregistered
2026-03-14T14:54:59.100-04:00  INFO 29244 --- [aquasmart-backend] [org.springframework.kafka.KafkaListenerEndpointContainer#0-0-C-1] o.s.k.l.KafkaMessageListenerContainer    : aquasmart-group: Consumer stopped
2026-03-14T14:54:59.113-04:00  INFO 29244 --- [aquasmart-backend] [SpringApplicationShutdownHook] j.LocalContainerEntityManagerFactoryBean : Closing JPA EntityManagerFactory for persistence unit 'default'
2026-03-14T14:54:59.116-04:00  INFO 29244 --- [aquasmart-backend] [SpringApplicationShutdownHook] com.zaxxer.hikari.HikariDataSource       : HikariPool-1 - Shutdown initiated...
2026-03-14T14:54:59.121-04:00  INFO 29244 --- [aquasmart-backend] [SpringApplicationShutdownHook] com.zaxxer.hikari.HikariDataSource       : HikariPool-1 - Shutdown completed.
